[25-Apr-2008 04:56:31] PHP Warning:  main(../inc/header.inc.php): failed to open stream: No such file or directory in /workers/success/4th_of_july_picnic.php on line 1
[25-Apr-2008 04:56:31] PHP Warning:  main(): Failed opening '../inc/header.inc.php' for inclusion (include_path='.:/include:/usr/lib/php') in /workers/success/4th_of_july_picnic.php on line 1
[25-Apr-2008 04:56:31] PHP Warning:  main(../inc/location.inc.php): failed to open stream: No such file or directory in /workers/success/4th_of_july_picnic.php on line 19
[25-Apr-2008 04:56:31] PHP Warning:  main(): Failed opening '../inc/location.inc.php' for inclusion (include_path='.:/include:/usr/lib/php') in /workers/success/4th_of_july_picnic.php on line 19
[25-Apr-2008 04:56:31] PHP Warning:  main(../inc/footer.inc.php): failed to open stream: No such file or directory in /workers/success/4th_of_july_picnic.php on line 52
[25-Apr-2008 04:56:31] PHP Warning:  main(): Failed opening '../inc/footer.inc.php' for inclusion (include_path='.:/include:/usr/lib/php') in /workers/success/4th_of_july_picnic.php on line 52
[25-Apr-2008 04:56:37] PHP Warning:  main(../inc/header.inc.php): failed to open stream: No such file or directory in /workers/success/4th_of_july_picnic.php on line 1
[25-Apr-2008 04:56:37] PHP Warning:  main(): Failed opening '../inc/header.inc.php' for inclusion (include_path='.:/include:/usr/lib/php') in /workers/success/4th_of_july_picnic.php on line 1
[25-Apr-2008 04:56:37] PHP Warning:  main(../inc/location.inc.php): failed to open stream: No such file or directory in /workers/success/4th_of_july_picnic.php on line 19
[25-Apr-2008 04:56:37] PHP Warning:  main(): Failed opening '../inc/location.inc.php' for inclusion (include_path='.:/include:/usr/lib/php') in /workers/success/4th_of_july_picnic.php on line 19
[25-Apr-2008 04:56:37] PHP Warning:  main(../inc/footer.inc.php): failed to open stream: No such file or directory in /workers/success/4th_of_july_picnic.php on line 52
[25-Apr-2008 04:56:37] PHP Warning:  main(): Failed opening '../inc/footer.inc.php' for inclusion (include_path='.:/include:/usr/lib/php') in /workers/success/4th_of_july_picnic.php on line 52
[25-Apr-2008 04:57:47] PHP Warning:  main(../inc/header.inc.php): failed to open stream: No such file or directory in /workers/success/4th_of_july_picnic.php on line 1
[25-Apr-2008 04:57:47] PHP Warning:  main(): Failed opening '../inc/header.inc.php' for inclusion (include_path='.:/include:/usr/lib/php') in /workers/success/4th_of_july_picnic.php on line 1
[25-Apr-2008 04:57:47] PHP Warning:  main(../inc/location.inc.php): failed to open stream: No such file or directory in /workers/success/4th_of_july_picnic.php on line 19
[25-Apr-2008 04:57:47] PHP Warning:  main(): Failed opening '../inc/location.inc.php' for inclusion (include_path='.:/include:/usr/lib/php') in /workers/success/4th_of_july_picnic.php on line 19
[25-Apr-2008 04:57:47] PHP Warning:  main(../inc/footer.inc.php): failed to open stream: No such file or directory in /workers/success/4th_of_july_picnic.php on line 52
[25-Apr-2008 04:57:47] PHP Warning:  main(): Failed opening '../inc/footer.inc.php' for inclusion (include_path='.:/include:/usr/lib/php') in /workers/success/4th_of_july_picnic.php on line 52
[25-Apr-2008 04:57:49] PHP Warning:  main(../inc/header.inc.php): failed to open stream: No such file or directory in /workers/success/4th_of_july_picnic.php on line 1
[25-Apr-2008 04:57:49] PHP Warning:  main(): Failed opening '../inc/header.inc.php' for inclusion (include_path='.:/include:/usr/lib/php') in /workers/success/4th_of_july_picnic.php on line 1
[25-Apr-2008 04:57:49] PHP Warning:  main(../inc/location.inc.php): failed to open stream: No such file or directory in /workers/success/4th_of_july_picnic.php on line 19
[25-Apr-2008 04:57:49] PHP Warning:  main(): Failed opening '../inc/location.inc.php' for inclusion (include_path='.:/include:/usr/lib/php') in /workers/success/4th_of_july_picnic.php on line 19
[25-Apr-2008 04:57:49] PHP Warning:  main(../inc/footer.inc.php): failed to open stream: No such file or directory in /workers/success/4th_of_july_picnic.php on line 52
[25-Apr-2008 04:57:49] PHP Warning:  main(): Failed opening '../inc/footer.inc.php' for inclusion (include_path='.:/include:/usr/lib/php') in /workers/success/4th_of_july_picnic.php on line 52
[25-Apr-2008 04:57:52] PHP Warning:  main(../inc/header.inc.php): failed to open stream: No such file or directory in /workers/success/4th_of_july_picnic.php on line 1
[25-Apr-2008 04:57:52] PHP Warning:  main(): Failed opening '../inc/header.inc.php' for inclusion (include_path='.:/include:/usr/lib/php') in /workers/success/4th_of_july_picnic.php on line 1
[25-Apr-2008 04:57:52] PHP Warning:  main(../inc/location.inc.php): failed to open stream: No such file or directory in /workers/success/4th_of_july_picnic.php on line 19
[25-Apr-2008 04:57:52] PHP Warning:  main(): Failed opening '../inc/location.inc.php' for inclusion (include_path='.:/include:/usr/lib/php') in /workers/success/4th_of_july_picnic.php on line 19
[25-Apr-2008 04:57:52] PHP Warning:  main(../inc/footer.inc.php): failed to open stream: No such file or directory in /workers/success/4th_of_july_picnic.php on line 52
[25-Apr-2008 04:57:52] PHP Warning:  main(): Failed opening '../inc/footer.inc.php' for inclusion (include_path='.:/include:/usr/lib/php') in /workers/success/4th_of_july_picnic.php on line 52
[08-Aug-2008 04:26:37] PHP Warning:  mail(): Permission denied: unable to execute shell to run mail delivery binary '/usr/sbin/sendmail -t -i ' in /aboutus/contact_us.php on line 73
%% [Fri Sep 18 16:21:41 2009] GET /logs/awstats.pl HTTP/1.1
%% 404 /z/dr/dayworkercentermv/us1/logs/awstats.pl
%error
script not found or unable to stat
%% [Fri Sep 18 16:21:42 2009] GET /awstats.pl HTTP/1.1
%% 404 /z/dr/dayworkercentermv/us1/awstats.pl
%error
script not found or unable to stat
%% [Fri May 21 13:54:18 2010] GET /logs/awstats.pl HTTP/1.1
%% 404 /z/dr/dayworkercentermv/us1/logs/awstats.pl
%error
script not found or unable to stat
%% [Fri May 21 13:54:18 2010] GET /awstats.pl HTTP/1.1
%% 404 /z/dr/dayworkercentermv/us1/awstats.pl
%error
script not found or unable to stat
[02-Apr-2011 20:39:42] PHP Fatal error:  Call to undefined function:  stripos() in /aboutus/contact_us.php on line 35
[02-Apr-2011 20:42:46] PHP Fatal error:  Call to undefined function:  stripos() in /aboutus/contact_us.php on line 35
[02-Apr-2011 20:53:30] PHP Fatal error:  Call to undefined function:  stripos() in /aboutus/contact_us.php on line 35
[02-Apr-2011 20:56:26] PHP Fatal error:  Call to undefined function:  stripos() in /aboutus/contact_us.php on line 35
[02-Apr-2011 20:58:53] PHP Notice:  Undefined index:  cSubmit in /aboutus/contact_us.php on line 62
[02-Apr-2011 20:58:57] PHP Fatal error:  Call to undefined function:  stripos() in /aboutus/contact_us.php on line 37
[02-Apr-2011 21:00:51] PHP Notice:  Undefined index:  cSubmit in /aboutus/contact_us.php on line 62
[02-Apr-2011 21:00:54] PHP Fatal error:  Call to undefined function:  stripos() in /aboutus/contact_us.php on line 37
[02-Apr-2011 21:06:02] PHP Notice:  Undefined index:  cSubmit in /aboutus/contact_us.php on line 63
[02-Apr-2011 21:06:06] PHP Notice:  Undefined index:  contact_phone in /aboutus/contact_us.php on line 78
[02-Apr-2011 21:06:06] PHP Notice:  Undefined index:  contact_email in /aboutus/contact_us.php on line 82
[02-Apr-2011 21:11:48] PHP Notice:  Undefined index:  cSubmit in /aboutus/contact_us.php on line 65
[02-Apr-2011 21:27:08] PHP Notice:  Undefined index:  cSubmit in /aboutus/contact_us.php on line 76
[02-Apr-2011 21:27:13] PHP Fatal error:  Call to undefined function:  stripos() in /aboutus/contact_us.php on line 37
[02-Apr-2011 21:37:22] PHP Notice:  Undefined index:  cSubmit in /aboutus/contact_us.php on line 81
[02-Apr-2011 21:37:25] PHP Fatal error:  Call to undefined function:  stripos() in /aboutus/contact_us.php on line 37
[07-Apr-2011 06:53:39] PHP Fatal error:  Call to undefined function:  stripos() in /aboutus/contact_us_new.php on line 35
[07-Apr-2011 07:00:34] PHP Fatal error:  Call to undefined function:  stripos() in /aboutus/contact_us_new.php on line 35
[07-Apr-2011 07:05:39] PHP Fatal error:  Call to undefined function:  stripos() in /aboutus/contact_us_new.php on line 35
[07-Apr-2011 07:06:40] PHP Fatal error:  Call to undefined function:  stripos() in /aboutus/contact_us_new.php on line 35
[07-Apr-2011 07:20:57] PHP Fatal error:  Call to undefined function:  stripos() in /aboutus/contact_us_new.php on line 35
[07-Apr-2011 07:23:14] PHP Notice:  Undefined index:  firstName in /aboutus/contact_us_new.php on line 91
[07-Apr-2011 07:23:14] PHP Notice:  Undefined index:  lastName in /aboutus/contact_us_new.php on line 95
[07-Apr-2011 07:23:14] PHP Fatal error:  Call to undefined function:  stripos() in /aboutus/contact_us_new.php on line 35
[07-Apr-2011 07:27:57] PHP Fatal error:  Call to undefined function:  stripos() in /aboutus/contact_us_new.php on line 35
[07-Apr-2011 07:35:37] PHP Fatal error:  Call to undefined function:  stripos() in /aboutus/contact_us_new.php on line 35
[07-Apr-2011 07:39:28] PHP Fatal error:  Call to undefined function:  stripos() in /aboutus/contact_us_new.php on line 35
[07-Apr-2011 07:41:15] PHP Fatal error:  Call to undefined function:  stripos() in /aboutus/contact_us_new.php on line 35
[07-Apr-2011 07:42:27] PHP Fatal error:  Call to undefined function:  stripos() in /aboutus/contact_us_new.php on line 35
[07-Apr-2011 07:44:18] PHP Fatal error:  Call to undefined function:  stripos() in /aboutus/contact_us_new.php on line 39
[07-Apr-2011 07:48:02] PHP Fatal error:  Call to undefined function:  stripos() in /aboutus/contact_us_new.php on line 39
[07-Apr-2011 07:51:04] PHP Fatal error:  Call to undefined function:  stripos() in /aboutus/contact_us_new.php on line 40
[07-Apr-2011 07:54:08] PHP Notice:  Use of undefined constant PHP_VERSION_ID - assumed 'PHP_VERSION_ID' in /aboutus/contact_us_new.php on line 39
[07-Apr-2011 07:54:08] PHP Fatal error:  Call to undefined function:  stripos() in /aboutus/contact_us_new.php on line 42
[07-Apr-2011 07:55:16] PHP Fatal error:  Call to undefined function:  stripos() in /aboutus/contact_us_new.php on line 42
[07-Apr-2011 08:01:33] PHP Fatal error:  Call to undefined function:  stripos() in /aboutus/contact_us_new.php on line 43
[07-Apr-2011 08:08:06] PHP Notice:  Undefined variable:  version in /php_includes/PHP_VERSION_ID.php on line 24
[07-Apr-2011 08:08:06] PHP Notice:  Constant PHP_MAJOR_VERSION already defined in /php_includes/PHP_VERSION_ID.php on line 24
[07-Apr-2011 08:08:06] PHP Notice:  Undefined variable:  version in /php_includes/PHP_VERSION_ID.php on line 25
[07-Apr-2011 08:08:06] PHP Notice:  Constant PHP_MINOR_VERSION already defined in /php_includes/PHP_VERSION_ID.php on line 25
[07-Apr-2011 08:08:06] PHP Notice:  Undefined variable:  version in /php_includes/PHP_VERSION_ID.php on line 26
[07-Apr-2011 08:08:06] PHP Notice:  Constant PHP_RELEASE_VERSION already defined in /php_includes/PHP_VERSION_ID.php on line 26
[07-Apr-2011 08:08:06] PHP Notice:  Undefined variable:  version in /php_includes/PHP_VERSION_ID.php on line 24
[07-Apr-2011 08:08:06] PHP Notice:  Constant PHP_MAJOR_VERSION already defined in /php_includes/PHP_VERSION_ID.php on line 24
[07-Apr-2011 08:08:06] PHP Notice:  Undefined variable:  version in /php_includes/PHP_VERSION_ID.php on line 25
[07-Apr-2011 08:08:06] PHP Notice:  Constant PHP_MINOR_VERSION already defined in /php_includes/PHP_VERSION_ID.php on line 25
[07-Apr-2011 08:08:06] PHP Notice:  Undefined variable:  version in /php_includes/PHP_VERSION_ID.php on line 26
[07-Apr-2011 08:08:06] PHP Notice:  Constant PHP_RELEASE_VERSION already defined in /php_includes/PHP_VERSION_ID.php on line 26
[07-Apr-2011 08:10:58] PHP Notice:  Undefined variable:  version in /php_includes/PHP_VERSION_ID.php on line 24
[07-Apr-2011 08:10:58] PHP Notice:  Constant PHP_MAJOR_VERSION already defined in /php_includes/PHP_VERSION_ID.php on line 24
[07-Apr-2011 08:10:58] PHP Notice:  Undefined variable:  version in /php_includes/PHP_VERSION_ID.php on line 25
[07-Apr-2011 08:10:58] PHP Notice:  Constant PHP_MINOR_VERSION already defined in /php_includes/PHP_VERSION_ID.php on line 25
[07-Apr-2011 08:10:58] PHP Notice:  Undefined variable:  version in /php_includes/PHP_VERSION_ID.php on line 26
[07-Apr-2011 08:10:58] PHP Notice:  Constant PHP_RELEASE_VERSION already defined in /php_includes/PHP_VERSION_ID.php on line 26
[07-Apr-2011 08:10:58] PHP Notice:  Undefined variable:  version in /php_includes/PHP_VERSION_ID.php on line 24
[07-Apr-2011 08:10:58] PHP Notice:  Constant PHP_MAJOR_VERSION already defined in /php_includes/PHP_VERSION_ID.php on line 24
[07-Apr-2011 08:10:58] PHP Notice:  Undefined variable:  version in /php_includes/PHP_VERSION_ID.php on line 25
[07-Apr-2011 08:10:58] PHP Notice:  Constant PHP_MINOR_VERSION already defined in /php_includes/PHP_VERSION_ID.php on line 25
[07-Apr-2011 08:10:58] PHP Notice:  Undefined variable:  version in /php_includes/PHP_VERSION_ID.php on line 26
[07-Apr-2011 08:10:58] PHP Notice:  Constant PHP_RELEASE_VERSION already defined in /php_includes/PHP_VERSION_ID.php on line 26
[07-Apr-2011 08:11:15] PHP Notice:  Undefined variable:  version in /php_includes/PHP_VERSION_ID.php on line 24
[07-Apr-2011 08:11:15] PHP Notice:  Constant PHP_MAJOR_VERSION already defined in /php_includes/PHP_VERSION_ID.php on line 24
[07-Apr-2011 08:11:15] PHP Notice:  Undefined variable:  version in /php_includes/PHP_VERSION_ID.php on line 25
[07-Apr-2011 08:11:15] PHP Notice:  Constant PHP_MINOR_VERSION already defined in /php_includes/PHP_VERSION_ID.php on line 25
[07-Apr-2011 08:11:15] PHP Notice:  Undefined variable:  version in /php_includes/PHP_VERSION_ID.php on line 26
[07-Apr-2011 08:11:15] PHP Notice:  Constant PHP_RELEASE_VERSION already defined in /php_includes/PHP_VERSION_ID.php on line 26
[07-Apr-2011 08:11:15] PHP Notice:  Undefined variable:  version in /php_includes/PHP_VERSION_ID.php on line 24
[07-Apr-2011 08:11:15] PHP Notice:  Constant PHP_MAJOR_VERSION already defined in /php_includes/PHP_VERSION_ID.php on line 24
[07-Apr-2011 08:11:15] PHP Notice:  Undefined variable:  version in /php_includes/PHP_VERSION_ID.php on line 25
[07-Apr-2011 08:11:15] PHP Notice:  Constant PHP_MINOR_VERSION already defined in /php_includes/PHP_VERSION_ID.php on line 25
[07-Apr-2011 08:11:15] PHP Notice:  Undefined variable:  version in /php_includes/PHP_VERSION_ID.php on line 26
[07-Apr-2011 08:11:15] PHP Notice:  Constant PHP_RELEASE_VERSION already defined in /php_includes/PHP_VERSION_ID.php on line 26
[07-Apr-2011 08:11:15] PHP Notice:  Undefined variable:  version in /php_includes/PHP_VERSION_ID.php on line 24
[07-Apr-2011 08:11:15] PHP Notice:  Constant PHP_MAJOR_VERSION already defined in /php_includes/PHP_VERSION_ID.php on line 24
[07-Apr-2011 08:11:15] PHP Notice:  Undefined variable:  version in /php_includes/PHP_VERSION_ID.php on line 25
[07-Apr-2011 08:11:15] PHP Notice:  Constant PHP_MINOR_VERSION already defined in /php_includes/PHP_VERSION_ID.php on line 25
[07-Apr-2011 08:11:15] PHP Notice:  Undefined variable:  version in /php_includes/PHP_VERSION_ID.php on line 26
[07-Apr-2011 08:11:15] PHP Notice:  Constant PHP_RELEASE_VERSION already defined in /php_includes/PHP_VERSION_ID.php on line 26
[07-Apr-2011 08:15:43] PHP Notice:  Undefined variable:  version in /php_includes/PHP_VERSION_ID.php on line 24
[07-Apr-2011 08:15:43] PHP Notice:  Constant PHP_MAJOR_VERSION already defined in /php_includes/PHP_VERSION_ID.php on line 24
[07-Apr-2011 08:15:43] PHP Notice:  Undefined variable:  version in /php_includes/PHP_VERSION_ID.php on line 25
[07-Apr-2011 08:15:43] PHP Notice:  Constant PHP_MINOR_VERSION already defined in /php_includes/PHP_VERSION_ID.php on line 25
[07-Apr-2011 08:15:43] PHP Notice:  Undefined variable:  version in /php_includes/PHP_VERSION_ID.php on line 26
[07-Apr-2011 08:15:43] PHP Notice:  Constant PHP_RELEASE_VERSION already defined in /php_includes/PHP_VERSION_ID.php on line 26
[07-Apr-2011 08:15:43] PHP Notice:  Undefined variable:  version in /php_includes/PHP_VERSION_ID.php on line 24
[07-Apr-2011 08:15:43] PHP Notice:  Constant PHP_MAJOR_VERSION already defined in /php_includes/PHP_VERSION_ID.php on line 24
[07-Apr-2011 08:15:43] PHP Notice:  Undefined variable:  version in /php_includes/PHP_VERSION_ID.php on line 25
[07-Apr-2011 08:15:43] PHP Notice:  Constant PHP_MINOR_VERSION already defined in /php_includes/PHP_VERSION_ID.php on line 25
[07-Apr-2011 08:15:43] PHP Notice:  Undefined variable:  version in /php_includes/PHP_VERSION_ID.php on line 26
[07-Apr-2011 08:15:43] PHP Notice:  Constant PHP_RELEASE_VERSION already defined in /php_includes/PHP_VERSION_ID.php on line 26
[07-Apr-2011 08:15:43] PHP Notice:  Undefined variable:  version in /php_includes/PHP_VERSION_ID.php on line 24
[07-Apr-2011 08:15:43] PHP Notice:  Constant PHP_MAJOR_VERSION already defined in /php_includes/PHP_VERSION_ID.php on line 24
[07-Apr-2011 08:15:43] PHP Notice:  Undefined variable:  version in /php_includes/PHP_VERSION_ID.php on line 25
[07-Apr-2011 08:15:43] PHP Notice:  Constant PHP_MINOR_VERSION already defined in /php_includes/PHP_VERSION_ID.php on line 25
[07-Apr-2011 08:15:43] PHP Notice:  Undefined variable:  version in /php_includes/PHP_VERSION_ID.php on line 26
[07-Apr-2011 08:15:43] PHP Notice:  Constant PHP_RELEASE_VERSION already defined in /php_includes/PHP_VERSION_ID.php on line 26
[07-Apr-2011 08:15:43] PHP Notice:  Undefined variable:  version in /php_includes/PHP_VERSION_ID.php on line 24
[07-Apr-2011 08:15:43] PHP Notice:  Constant PHP_MAJOR_VERSION already defined in /php_includes/PHP_VERSION_ID.php on line 24
[07-Apr-2011 08:15:43] PHP Notice:  Undefined variable:  version in /php_includes/PHP_VERSION_ID.php on line 25
[07-Apr-2011 08:15:43] PHP Notice:  Constant PHP_MINOR_VERSION already defined in /php_includes/PHP_VERSION_ID.php on line 25
[07-Apr-2011 08:15:43] PHP Notice:  Undefined variable:  version in /php_includes/PHP_VERSION_ID.php on line 26
[07-Apr-2011 08:15:43] PHP Notice:  Constant PHP_RELEASE_VERSION already defined in /php_includes/PHP_VERSION_ID.php on line 26
[22-Apr-2011 06:25:14] PHP Warning:  main(/php_includes/util.php): failed to open stream: No such file or directory in /aboutus/contact_usn.php on line 23
[22-Apr-2011 06:25:14] PHP Warning:  main(): Failed opening '/php_includes/util.php' for inclusion (include_path='.:/include:/usr/lib/php') in /aboutus/contact_usn.php on line 23
[22-Apr-2011 06:25:20] PHP Warning:  main(/php_includes/util.php): failed to open stream: No such file or directory in /aboutus/contact_usn.php on line 23
[22-Apr-2011 06:25:20] PHP Warning:  main(): Failed opening '/php_includes/util.php' for inclusion (include_path='.:/include:/usr/lib/php') in /aboutus/contact_usn.php on line 23
[22-Apr-2011 06:25:20] PHP Fatal error:  Call to undefined function:  validateinput() in /aboutus/contact_usn.php on line 37
[22-Apr-2011 06:31:54] PHP Warning:  main(/php_includes/util.php): failed to open stream: No such file or directory in /aboutus/contact_usn.php on line 23
[22-Apr-2011 06:31:54] PHP Warning:  main(): Failed opening '/php_includes/util.php' for inclusion (include_path='.:/include:/usr/lib/php') in /aboutus/contact_usn.php on line 23
[22-Apr-2011 06:31:57] PHP Warning:  main(/php_includes/util.php): failed to open stream: No such file or directory in /aboutus/contact_usn.php on line 23
[22-Apr-2011 06:31:57] PHP Warning:  main(): Failed opening '/php_includes/util.php' for inclusion (include_path='.:/include:/usr/lib/php') in /aboutus/contact_usn.php on line 23
[22-Apr-2011 06:31:57] PHP Fatal error:  Call to undefined function:  validateinput() in /aboutus/contact_usn.php on line 37
[22-Apr-2011 06:33:16] PHP Warning:  main(/php_includes/util.php): failed to open stream: No such file or directory in /aboutus/contact_usn.php on line 23
[22-Apr-2011 06:33:16] PHP Warning:  main(): Failed opening '/php_includes/util.php' for inclusion (include_path='.:/include:/usr/lib/php') in /aboutus/contact_usn.php on line 23
[22-Apr-2011 06:33:19] PHP Warning:  main(/php_includes/util.php): failed to open stream: No such file or directory in /aboutus/contact_usn.php on line 23
[22-Apr-2011 06:33:19] PHP Warning:  main(): Failed opening '/php_includes/util.php' for inclusion (include_path='.:/include:/usr/lib/php') in /aboutus/contact_usn.php on line 23
[22-Apr-2011 06:33:19] PHP Fatal error:  Call to undefined function:  validateinput() in /aboutus/contact_usn.php on line 38
